# JRE version: Java(TM) SE Runtime Environment (8.0_60-b27) (build 1.8.0_60-b27)
# Java VM: Java HotSpot(TM) 64-Bit Server VM (25.60-b23 mixed mode windows-amd64 compressed oops)
Heap:
 PSYoungGen      total 613376K, used 461213K [0x00000000d6980000, 0x00000000fc480000, 0x0000000100000000)
  eden space 612352K, 75% used [0x00000000d6980000,0x00000000f2b4f4e0,0x00000000fbf80000)
  from space 1024K, 59% used [0x00000000fc380000,0x00000000fc418000,0x00000000fc480000)
  to   space 2048K, 0% used [0x00000000fc080000,0x00000000fc080000,0x00000000fc280000)
 ParOldGen       total 99328K, used 51787K [0x0000000083c00000, 0x0000000089d00000, 0x00000000d6980000)
  object space 99328K, 52% used [0x0000000083c00000,0x0000000086e92c88,0x0000000089d00000)
 Metaspace       used 57741K, capacity 58500K, committed 58752K, reserved 1101824K
  class space    used 6807K, capacity 7036K, committed 7040K, reserved 1048576K
GC Heap History (10 events):
Event: 101.958 GC heap before
{Heap before GC invocations=54 (full 2):
 PSYoungGen      total 583168K, used 580640K [0x00000000d6980000, 0x00000000fb680000, 0x0000000100000000)
  eden space 580096K, 100% used [0x00000000d6980000,0x00000000fa000000,0x00000000fa000000)
  from space 3072K, 17% used [0x00000000fa000000,0x00000000fa088000,0x00000000fa300000)
  to   space 3072K, 0% used [0x00000000fb380000,0x00000000fb380000,0x00000000fb680000)
 ParOldGen       total 99328K, used 51699K [0x0000000083c00000, 0x0000000089d00000, 0x00000000d6980000)
  object space 99328K, 52% used [0x0000000083c00000,0x0000000086e7cc88,0x0000000089d00000)
 Metaspace       used 57741K, capacity 58500K, committed 58752K, reserved 1101824K
  class space    used 6807K, capacity 7036K, committed 7040K, reserved 1048576K
Event: 101.960 GC heap after
Heap after GC invocations=54 (full 2):
 PSYoungGen      total 594432K, used 320K [0x00000000d6980000, 0x00000000fb400000, 0x0000000100000000)
  eden space 593920K, 0% used [0x00000000d6980000,0x00000000d6980000,0x00000000fad80000)
  from space 512K, 62% used [0x00000000fb380000,0x00000000fb3d0000,0x00000000fb400000)
  to   space 3072K, 0% used [0x00000000fae00000,0x00000000fae00000,0x00000000fb100000)
 ParOldGen       total 99328K, used 51715K [0x0000000083c00000, 0x0000000089d00000, 0x00000000d6980000)
  object space 99328K, 52% used [0x0000000083c00000,0x0000000086e80c88,0x0000000089d00000)
 Metaspace       used 57741K, capacity 58500K, committed 58752K, reserved 1101824K
  class space    used 6807K, capacity 7036K, committed 7040K, reserved 1048576K
}
Event: 104.399 GC heap before
{Heap before GC invocations=55 (full 2):
 PSYoungGen      total 594432K, used 594240K [0x00000000d6980000, 0x00000000fb400000, 0x0000000100000000)
  eden space 593920K, 100% used [0x00000000d6980000,0x00000000fad80000,0x00000000fad80000)
  from space 512K, 62% used [0x00000000fb380000,0x00000000fb3d0000,0x00000000fb400000)
  to   space 3072K, 0% used [0x00000000fae00000,0x00000000fae00000,0x00000000fb100000)
 ParOldGen       total 99328K, used 51715K [0x0000000083c00000, 0x0000000089d00000, 0x00000000d6980000)
  object space 99328K, 52% used [0x0000000083c00000,0x0000000086e80c88,0x0000000089d00000)
 Metaspace       used 57741K, capacity 58500K, committed 58752K, reserved 1101824K
  class space    used 6807K, capacity 7036K, committed 7040K, reserved 1048576K
Event: 104.402 GC heap after
Heap after GC invocations=55 (full 2):
 PSYoungGen      total 597504K, used 480K [0x00000000d6980000, 0x00000000fbe00000, 0x0000000100000000)
  eden space 594432K, 0% used [0x00000000d6980000,0x00000000d6980000,0x00000000fae00000)
  from space 3072K, 15% used [0x00000000fae00000,0x00000000fae78000,0x00000000fb100000)
  to   space 2560K, 0% used [0x00000000fbb80000,0x00000000fbb80000,0x00000000fbe00000)
 ParOldGen       total 99328K, used 51763K [0x0000000083c00000, 0x0000000089d00000, 0x00000000d6980000)
  object space 99328K, 52% used [0x0000000083c00000,0x0000000086e8cc88,0x0000000089d00000)
 Metaspace       used 57741K, capacity 58500K, committed 58752K, reserved 1101824K
  class space    used 6807K, capacity 7036K, committed 7040K, reserved 1048576K
}
Event: 106.657 GC heap before
{Heap before GC invocations=56 (full 2):
 PSYoungGen      total 597504K, used 594912K [0x00000000d6980000, 0x00000000fbe00000, 0x0000000100000000)
  eden space 594432K, 100% used [0x00000000d6980000,0x00000000fae00000,0x00000000fae00000)
  from space 3072K, 15% used [0x00000000fae00000,0x00000000fae78000,0x00000000fb100000)
  to   space 2560K, 0% used [0x00000000fbb80000,0x00000000fbb80000,0x00000000fbe00000)
 ParOldGen       total 99328K, used 51763K [0x0000000083c00000, 0x0000000089d00000, 0x00000000d6980000)
  object space 99328K, 52% used [0x0000000083c00000,0x0000000086e8cc88,0x0000000089d00000)
 Metaspace       used 57741K, capacity 58500K, committed 58752K, reserved 1101824K
  class space    used 6807K, capacity 7036K, committed 7040K, reserved 1048576K
Event: 106.660 GC heap after
Heap after GC invocations=56 (full 2):
 PSYoungGen      total 606208K, used 480K [0x00000000d6980000, 0x00000000fbd00000, 0x0000000100000000)
  eden space 604672K, 0% used [0x00000000d6980000,0x00000000d6980000,0x00000000fb800000)
  from space 1536K, 31% used [0x00000000fbb80000,0x00000000fbbf8000,0x00000000fbd00000)
  to   space 2560K, 0% used [0x00000000fb800000,0x00000000fb800000,0x00000000fba80000)
 ParOldGen       total 99328K, used 51771K [0x0000000083c00000, 0x0000000089d00000, 0x00000000d6980000)
  object space 99328K, 52% used [0x0000000083c00000,0x0000000086e8ec88,0x0000000089d00000)
 Metaspace       used 57741K, capacity 58500K, committed 58752K, reserved 1101824K
  class space    used 6807K, capacity 7036K, committed 7040K, reserved 1048576K
}
Event: 108.804 GC heap before
{Heap before GC invocations=57 (full 2):
 PSYoungGen      total 606208K, used 605152K [0x00000000d6980000, 0x00000000fbd00000, 0x0000000100000000)
  eden space 604672K, 100% used [0x00000000d6980000,0x00000000fb800000,0x00000000fb800000)
  from space 1536K, 31% used [0x00000000fbb80000,0x00000000fbbf8000,0x00000000fbd00000)
  to   space 2560K, 0% used [0x00000000fb800000,0x00000000fb800000,0x00000000fba80000)
 ParOldGen       total 99328K, used 51771K [0x0000000083c00000, 0x0000000089d00000, 0x00000000d6980000)
  object space 99328K, 52% used [0x0000000083c00000,0x0000000086e8ec88,0x0000000089d00000)
 Metaspace       used 57741K, capacity 58500K, committed 58752K, reserved 1101824K
  class space    used 6807K, capacity 7036K, committed 7040K, reserved 1048576K
Event: 108.807 GC heap after
Heap after GC invocations=57 (full 2):
 PSYoungGen      total 607232K, used 544K [0x00000000d6980000, 0x00000000fc600000, 0x0000000100000000)
  eden space 604672K, 0% used [0x00000000d6980000,0x00000000d6980000,0x00000000fb800000)
  from space 2560K, 21% used [0x00000000fb800000,0x00000000fb888000,0x00000000fba80000)
  to   space 2560K, 0% used [0x00000000fc380000,0x00000000fc380000,0x00000000fc600000)
 ParOldGen       total 99328K, used 51779K [0x0000000083c00000, 0x0000000089d00000, 0x00000000d6980000)
  object space 99328K, 52% used [0x0000000083c00000,0x0000000086e90c88,0x0000000089d00000)
 Metaspace       used 57741K, capacity 58500K, committed 58752K, reserved 1101824K
  class space    used 6807K, capacity 7036K, committed 7040K, reserved 1048576K
}
Event: 120.001 GC heap before
{Heap before GC invocations=58 (full 2):
 PSYoungGen      total 607232K, used 605216K [0x00000000d6980000, 0x00000000fc600000, 0x0000000100000000)
  eden space 604672K, 100% used [0x00000000d6980000,0x00000000fb800000,0x00000000fb800000)
  from space 2560K, 21% used [0x00000000fb800000,0x00000000fb888000,0x00000000fba80000)
  to   space 2560K, 0% used [0x00000000fc380000,0x00000000fc380000,0x00000000fc600000)
 ParOldGen       total 99328K, used 51779K [0x0000000083c00000, 0x0000000089d00000, 0x00000000d6980000)
  object space 99328K, 52% used [0x0000000083c00000,0x0000000086e90c88,0x0000000089d00000)
 Metaspace       used 57741K, capacity 58500K, committed 58752K, reserved 1101824K
  class space    used 6807K, capacity 7036K, committed 7040K, reserved 1048576K
Event: 120.008 GC heap after
Heap after GC invocations=58 (full 2):
 PSYoungGen      total 613376K, used 608K [0x00000000d6980000, 0x00000000fc480000, 0x0000000100000000)
  eden space 612352K, 0% used [0x00000000d6980000,0x00000000d6980000,0x00000000fbf80000)
  from space 1024K, 59% used [0x00000000fc380000,0x00000000fc418000,0x00000000fc480000)
  to   space 2048K, 0% used [0x00000000fc080000,0x00000000fc080000,0x00000000fc280000)
 ParOldGen       total 99328K, used 51787K [0x0000000083c00000, 0x0000000089d00000, 0x00000000d6980000)
  object space 99328K, 52% used [0x0000000083c00000,0x0000000086e92c88,0x0000000089d00000)
 Metaspace       used 57741K, capacity 58500K, committed 58752K, reserved 1101824K
  class space    used 6807K, capacity 7036K, committed 7040K, reserved 1048576K
}

